2016-11-13 23:04:28,102 - Log4JLogChute initialized using file 'velocity.log'
2016-11-13 23:04:28,103 - Initializing Velocity, Calling init()...
2016-11-13 23:04:28,103 - Starting Apache Velocity v1.7 (compiled: 2010-11-19 12:14:37)
2016-11-13 23:04:28,103 - Default Properties File: org\apache\velocity\runtime\defaults\velocity.properties
2016-11-13 23:04:28,103 - Trying to use logger class org.apache.velocity.runtime.log.AvalonLogChute
2016-11-13 23:04:28,103 - Target log system for org.apache.velocity.runtime.log.AvalonLogChute is not available (java.lang.NoClassDefFoundError: org/apache/log/format/Formatter).  Falling back to next log system...
2016-11-13 23:04:28,103 - Trying to use logger class org.apache.velocity.runtime.log.Log4JLogChute
2016-11-13 23:04:28,103 - Using logger class org.apache.velocity.runtime.log.Log4JLogChute
2016-11-13 23:04:28,109 - ResourceLoader instantiated: org.apache.velocity.runtime.resource.loader.FileResourceLoader
2016-11-13 23:04:28,111 - Do unicode file recognition:  false
2016-11-13 23:04:28,111 - FileResourceLoader : adding path '.'
2016-11-13 23:04:28,131 - ResourceCache: initialized (class org.apache.velocity.runtime.resource.ResourceCacheImpl) with class java.util.Collections$SynchronizedMap cache map.
2016-11-13 23:04:28,133 - Loaded System Directive: org.apache.velocity.runtime.directive.Stop
2016-11-13 23:04:28,134 - Loaded System Directive: org.apache.velocity.runtime.directive.Define
2016-11-13 23:04:28,135 - Loaded System Directive: org.apache.velocity.runtime.directive.Break
2016-11-13 23:04:28,136 - Loaded System Directive: org.apache.velocity.runtime.directive.Evaluate
2016-11-13 23:04:28,136 - Loaded System Directive: org.apache.velocity.runtime.directive.Literal
2016-11-13 23:04:28,137 - Loaded System Directive: org.apache.velocity.runtime.directive.Macro
2016-11-13 23:04:28,138 - Loaded System Directive: org.apache.velocity.runtime.directive.Parse
2016-11-13 23:04:28,140 - Loaded System Directive: org.apache.velocity.runtime.directive.Include
2016-11-13 23:04:28,141 - Loaded System Directive: org.apache.velocity.runtime.directive.Foreach
2016-11-13 23:04:28,178 - Created '20' parsers.
2016-11-13 23:04:28,183 - Velocimacro : "velocimacro.library" is not set.  Trying default library: VM_global_library.vm
2016-11-13 23:04:28,183 - Velocimacro : Default library not found.
2016-11-13 23:04:28,183 - Velocimacro : allowInline = true : VMs can be defined inline in templates
2016-11-13 23:04:28,183 - Velocimacro : allowInlineToOverride = false : VMs defined inline may NOT replace previous VM definitions
2016-11-13 23:04:28,183 - Velocimacro : allowInlineLocal = false : VMs defined inline will be global in scope if allowed.
2016-11-13 23:04:28,183 - Velocimacro : autoload off : VM system will not automatically reload global library macros
2016-11-13 23:04:28,184 - ResourceManager : unable to find resource 'velocity.jsp' in any resource loader.
2016-11-13 23:04:40,757 - Log4JLogChute initialized using file 'velocity.log'
2016-11-13 23:04:40,757 - Initializing Velocity, Calling init()...
2016-11-13 23:04:40,758 - Starting Apache Velocity v1.7 (compiled: 2010-11-19 12:14:37)
2016-11-13 23:04:40,758 - Default Properties File: org\apache\velocity\runtime\defaults\velocity.properties
2016-11-13 23:04:40,758 - Trying to use logger class org.apache.velocity.runtime.log.AvalonLogChute
2016-11-13 23:04:40,758 - Target log system for org.apache.velocity.runtime.log.AvalonLogChute is not available (java.lang.NoClassDefFoundError: org/apache/log/format/Formatter).  Falling back to next log system...
2016-11-13 23:04:40,758 - Trying to use logger class org.apache.velocity.runtime.log.Log4JLogChute
2016-11-13 23:04:40,758 - Using logger class org.apache.velocity.runtime.log.Log4JLogChute
2016-11-13 23:04:40,762 - ResourceLoader instantiated: org.apache.velocity.runtime.resource.loader.FileResourceLoader
2016-11-13 23:04:40,762 - Do unicode file recognition:  false
2016-11-13 23:04:40,763 - FileResourceLoader : adding path '.'
2016-11-13 23:04:40,774 - ResourceCache: initialized (class org.apache.velocity.runtime.resource.ResourceCacheImpl) with class java.util.Collections$SynchronizedMap cache map.
2016-11-13 23:04:40,775 - Loaded System Directive: org.apache.velocity.runtime.directive.Stop
2016-11-13 23:04:40,776 - Loaded System Directive: org.apache.velocity.runtime.directive.Define
2016-11-13 23:04:40,776 - Loaded System Directive: org.apache.velocity.runtime.directive.Break
2016-11-13 23:04:40,777 - Loaded System Directive: org.apache.velocity.runtime.directive.Evaluate
2016-11-13 23:04:40,777 - Loaded System Directive: org.apache.velocity.runtime.directive.Literal
2016-11-13 23:04:40,778 - Loaded System Directive: org.apache.velocity.runtime.directive.Macro
2016-11-13 23:04:40,779 - Loaded System Directive: org.apache.velocity.runtime.directive.Parse
2016-11-13 23:04:40,780 - Loaded System Directive: org.apache.velocity.runtime.directive.Include
2016-11-13 23:04:40,781 - Loaded System Directive: org.apache.velocity.runtime.directive.Foreach
2016-11-13 23:04:40,810 - Created '20' parsers.
2016-11-13 23:04:40,814 - Velocimacro : "velocimacro.library" is not set.  Trying default library: VM_global_library.vm
2016-11-13 23:04:40,815 - Velocimacro : Default library not found.
2016-11-13 23:04:40,815 - Velocimacro : allowInline = true : VMs can be defined inline in templates
2016-11-13 23:04:40,815 - Velocimacro : allowInlineToOverride = false : VMs defined inline may NOT replace previous VM definitions
2016-11-13 23:04:40,815 - Velocimacro : allowInlineLocal = false : VMs defined inline will be global in scope if allowed.
2016-11-13 23:04:40,815 - Velocimacro : autoload off : VM system will not automatically reload global library macros
2016-11-13 23:04:40,819 - ResourceManager : found velocity.jsp with loader org.apache.velocity.runtime.resource.loader.FileResourceLoader
2016-11-13 23:04:40,820 - ResourceManager : found velocity.jsp with loader org.apache.velocity.runtime.resource.loader.FileResourceLoader
2016-11-13 23:04:40,821 - ResourceManager : found velocity.jsp with loader org.apache.velocity.runtime.resource.loader.FileResourceLoader
2016-11-13 23:04:40,821 - ResourceManager : found velocity.jsp with loader org.apache.velocity.runtime.resource.loader.FileResourceLoader
2016-11-13 23:04:40,822 - ResourceManager : found velocity.jsp with loader org.apache.velocity.runtime.resource.loader.FileResourceLoader
2016-11-13 23:04:40,822 - ResourceManager : found velocity.jsp with loader org.apache.velocity.runtime.resource.loader.FileResourceLoader
2016-11-13 23:04:40,823 - ResourceManager : found velocity.jsp with loader org.apache.velocity.runtime.resource.loader.FileResourceLoader
2016-11-13 23:04:40,823 - ResourceManager : found velocity.jsp with loader org.apache.velocity.runtime.resource.loader.FileResourceLoader
2016-11-13 23:05:58,461 - Log4JLogChute initialized using file 'velocity.log'
2016-11-13 23:05:58,462 - Initializing Velocity, Calling init()...
2016-11-13 23:05:58,462 - Starting Apache Velocity v1.7 (compiled: 2010-11-19 12:14:37)
2016-11-13 23:05:58,462 - Default Properties File: org\apache\velocity\runtime\defaults\velocity.properties
2016-11-13 23:05:58,462 - Trying to use logger class org.apache.velocity.runtime.log.AvalonLogChute
2016-11-13 23:05:58,462 - Target log system for org.apache.velocity.runtime.log.AvalonLogChute is not available (java.lang.NoClassDefFoundError: org/apache/log/format/Formatter).  Falling back to next log system...
2016-11-13 23:05:58,462 - Trying to use logger class org.apache.velocity.runtime.log.Log4JLogChute
2016-11-13 23:05:58,462 - Using logger class org.apache.velocity.runtime.log.Log4JLogChute
2016-11-13 23:05:58,467 - ResourceLoader instantiated: org.apache.velocity.runtime.resource.loader.FileResourceLoader
2016-11-13 23:05:58,468 - Do unicode file recognition:  false
2016-11-13 23:05:58,468 - FileResourceLoader : adding path '.'
2016-11-13 23:05:58,481 - ResourceCache: initialized (class org.apache.velocity.runtime.resource.ResourceCacheImpl) with class java.util.Collections$SynchronizedMap cache map.
2016-11-13 23:05:58,482 - Loaded System Directive: org.apache.velocity.runtime.directive.Stop
2016-11-13 23:05:58,482 - Loaded System Directive: org.apache.velocity.runtime.directive.Define
2016-11-13 23:05:58,483 - Loaded System Directive: org.apache.velocity.runtime.directive.Break
2016-11-13 23:05:58,483 - Loaded System Directive: org.apache.velocity.runtime.directive.Evaluate
2016-11-13 23:05:58,484 - Loaded System Directive: org.apache.velocity.runtime.directive.Literal
2016-11-13 23:05:58,485 - Loaded System Directive: org.apache.velocity.runtime.directive.Macro
2016-11-13 23:05:58,486 - Loaded System Directive: org.apache.velocity.runtime.directive.Parse
2016-11-13 23:05:58,486 - Loaded System Directive: org.apache.velocity.runtime.directive.Include
2016-11-13 23:05:58,487 - Loaded System Directive: org.apache.velocity.runtime.directive.Foreach
2016-11-13 23:05:58,513 - Created '20' parsers.
2016-11-13 23:05:58,518 - Velocimacro : "velocimacro.library" is not set.  Trying default library: VM_global_library.vm
2016-11-13 23:05:58,518 - Velocimacro : Default library not found.
2016-11-13 23:05:58,518 - Velocimacro : allowInline = true : VMs can be defined inline in templates
2016-11-13 23:05:58,518 - Velocimacro : allowInlineToOverride = false : VMs defined inline may NOT replace previous VM definitions
2016-11-13 23:05:58,518 - Velocimacro : allowInlineLocal = false : VMs defined inline will be global in scope if allowed.
2016-11-13 23:05:58,518 - Velocimacro : autoload off : VM system will not automatically reload global library macros
2016-11-13 23:05:58,526 - ResourceManager : found velocity.jsp with loader org.apache.velocity.runtime.resource.loader.FileResourceLoader
2016-11-13 23:05:58,528 - ResourceManager : found velocity.jsp with loader org.apache.velocity.runtime.resource.loader.FileResourceLoader
2016-11-13 23:05:58,529 - ResourceManager : found velocity.jsp with loader org.apache.velocity.runtime.resource.loader.FileResourceLoader
2016-11-13 23:05:58,530 - ResourceManager : found velocity.jsp with loader org.apache.velocity.runtime.resource.loader.FileResourceLoader
2016-11-13 23:05:58,530 - ResourceManager : found velocity.jsp with loader org.apache.velocity.runtime.resource.loader.FileResourceLoader
2016-11-13 23:05:58,531 - ResourceManager : found velocity.jsp with loader org.apache.velocity.runtime.resource.loader.FileResourceLoader
2016-11-13 23:05:58,531 - ResourceManager : found velocity.jsp with loader org.apache.velocity.runtime.resource.loader.FileResourceLoader
2016-11-13 23:05:58,532 - ResourceManager : found velocity.jsp with loader org.apache.velocity.runtime.resource.loader.FileResourceLoader
2016-11-13 23:07:49,184 - Log4JLogChute initialized using file 'velocity.log'
2016-11-13 23:07:49,185 - Initializing Velocity, Calling init()...
2016-11-13 23:07:49,185 - Starting Apache Velocity v1.7 (compiled: 2010-11-19 12:14:37)
2016-11-13 23:07:49,185 - Default Properties File: org\apache\velocity\runtime\defaults\velocity.properties
2016-11-13 23:07:49,185 - Trying to use logger class org.apache.velocity.runtime.log.AvalonLogChute
2016-11-13 23:07:49,185 - Target log system for org.apache.velocity.runtime.log.AvalonLogChute is not available (java.lang.NoClassDefFoundError: org/apache/log/format/Formatter).  Falling back to next log system...
2016-11-13 23:07:49,185 - Trying to use logger class org.apache.velocity.runtime.log.Log4JLogChute
2016-11-13 23:07:49,185 - Using logger class org.apache.velocity.runtime.log.Log4JLogChute
2016-11-13 23:07:49,189 - ResourceLoader instantiated: org.apache.velocity.runtime.resource.loader.FileResourceLoader
2016-11-13 23:07:49,190 - Do unicode file recognition:  false
2016-11-13 23:07:49,190 - FileResourceLoader : adding path '.'
2016-11-13 23:07:49,202 - ResourceCache: initialized (class org.apache.velocity.runtime.resource.ResourceCacheImpl) with class java.util.Collections$SynchronizedMap cache map.
2016-11-13 23:07:49,203 - Loaded System Directive: org.apache.velocity.runtime.directive.Stop
2016-11-13 23:07:49,204 - Loaded System Directive: org.apache.velocity.runtime.directive.Define
2016-11-13 23:07:49,204 - Loaded System Directive: org.apache.velocity.runtime.directive.Break
2016-11-13 23:07:49,205 - Loaded System Directive: org.apache.velocity.runtime.directive.Evaluate
2016-11-13 23:07:49,205 - Loaded System Directive: org.apache.velocity.runtime.directive.Literal
2016-11-13 23:07:49,206 - Loaded System Directive: org.apache.velocity.runtime.directive.Macro
2016-11-13 23:07:49,207 - Loaded System Directive: org.apache.velocity.runtime.directive.Parse
2016-11-13 23:07:49,208 - Loaded System Directive: org.apache.velocity.runtime.directive.Include
2016-11-13 23:07:49,209 - Loaded System Directive: org.apache.velocity.runtime.directive.Foreach
2016-11-13 23:07:49,237 - Created '20' parsers.
2016-11-13 23:07:49,242 - Velocimacro : "velocimacro.library" is not set.  Trying default library: VM_global_library.vm
2016-11-13 23:07:49,242 - Velocimacro : Default library not found.
2016-11-13 23:07:49,242 - Velocimacro : allowInline = true : VMs can be defined inline in templates
2016-11-13 23:07:49,242 - Velocimacro : allowInlineToOverride = false : VMs defined inline may NOT replace previous VM definitions
2016-11-13 23:07:49,242 - Velocimacro : allowInlineLocal = false : VMs defined inline will be global in scope if allowed.
2016-11-13 23:07:49,242 - Velocimacro : autoload off : VM system will not automatically reload global library macros
2016-11-13 23:07:49,252 - ResourceManager : found velocity.jsp with loader org.apache.velocity.runtime.resource.loader.FileResourceLoader
2016-11-13 23:13:52,438 - Log4JLogChute initialized using file 'velocity.log'
2016-11-13 23:13:52,438 - Initializing Velocity, Calling init()...
2016-11-13 23:13:52,438 - Starting Apache Velocity v1.7 (compiled: 2010-11-19 12:14:37)
2016-11-13 23:13:52,438 - Default Properties File: org\apache\velocity\runtime\defaults\velocity.properties
2016-11-13 23:13:52,439 - Trying to use logger class org.apache.velocity.runtime.log.AvalonLogChute
2016-11-13 23:13:52,439 - Target log system for org.apache.velocity.runtime.log.AvalonLogChute is not available (java.lang.NoClassDefFoundError: org/apache/log/format/Formatter).  Falling back to next log system...
2016-11-13 23:13:52,439 - Trying to use logger class org.apache.velocity.runtime.log.Log4JLogChute
2016-11-13 23:13:52,439 - Using logger class org.apache.velocity.runtime.log.Log4JLogChute
2016-11-13 23:13:52,443 - ResourceLoader instantiated: org.apache.velocity.runtime.resource.loader.FileResourceLoader
2016-11-13 23:13:52,444 - Do unicode file recognition:  false
2016-11-13 23:13:52,444 - FileResourceLoader : adding path '.'
2016-11-13 23:13:52,459 - ResourceCache: initialized (class org.apache.velocity.runtime.resource.ResourceCacheImpl) with class java.util.Collections$SynchronizedMap cache map.
2016-11-13 23:13:52,460 - Loaded System Directive: org.apache.velocity.runtime.directive.Stop
2016-11-13 23:13:52,461 - Loaded System Directive: org.apache.velocity.runtime.directive.Define
2016-11-13 23:13:52,461 - Loaded System Directive: org.apache.velocity.runtime.directive.Break
2016-11-13 23:13:52,462 - Loaded System Directive: org.apache.velocity.runtime.directive.Evaluate
2016-11-13 23:13:52,463 - Loaded System Directive: org.apache.velocity.runtime.directive.Literal
2016-11-13 23:13:52,464 - Loaded System Directive: org.apache.velocity.runtime.directive.Macro
2016-11-13 23:13:52,465 - Loaded System Directive: org.apache.velocity.runtime.directive.Parse
2016-11-13 23:13:52,466 - Loaded System Directive: org.apache.velocity.runtime.directive.Include
2016-11-13 23:13:52,467 - Loaded System Directive: org.apache.velocity.runtime.directive.Foreach
2016-11-13 23:13:52,495 - Created '20' parsers.
2016-11-13 23:13:52,502 - Velocimacro : "velocimacro.library" is not set.  Trying default library: VM_global_library.vm
2016-11-13 23:13:52,502 - Velocimacro : Default library not found.
2016-11-13 23:13:52,502 - Velocimacro : allowInline = true : VMs can be defined inline in templates
2016-11-13 23:13:52,502 - Velocimacro : allowInlineToOverride = false : VMs defined inline may NOT replace previous VM definitions
2016-11-13 23:13:52,502 - Velocimacro : allowInlineLocal = false : VMs defined inline will be global in scope if allowed.
2016-11-13 23:13:52,502 - Velocimacro : autoload off : VM system will not automatically reload global library macros
2016-11-13 23:13:52,513 - ResourceManager : found velocity.jsp with loader org.apache.velocity.runtime.resource.loader.FileResourceLoader
2016-11-13 23:13:52,514 - Could not determine type of iterator in #foreach loop at velocity.jsp[line 7, column 1]
2016-11-13 23:13:52,515 - ResourceManager : found velocity.jsp with loader org.apache.velocity.runtime.resource.loader.FileResourceLoader
2016-11-13 23:13:52,515 - Could not determine type of iterator in #foreach loop at velocity.jsp[line 7, column 1]
2016-11-13 23:13:52,516 - ResourceManager : found velocity.jsp with loader org.apache.velocity.runtime.resource.loader.FileResourceLoader
2016-11-13 23:13:52,516 - Could not determine type of iterator in #foreach loop at velocity.jsp[line 7, column 1]
2016-11-13 23:13:52,517 - ResourceManager : found velocity.jsp with loader org.apache.velocity.runtime.resource.loader.FileResourceLoader
2016-11-13 23:13:52,517 - Could not determine type of iterator in #foreach loop at velocity.jsp[line 7, column 1]
2016-11-13 23:13:52,518 - ResourceManager : found velocity.jsp with loader org.apache.velocity.runtime.resource.loader.FileResourceLoader
2016-11-13 23:13:52,518 - Could not determine type of iterator in #foreach loop at velocity.jsp[line 7, column 1]
2016-11-13 23:13:52,519 - ResourceManager : found velocity.jsp with loader org.apache.velocity.runtime.resource.loader.FileResourceLoader
2016-11-13 23:13:52,519 - Could not determine type of iterator in #foreach loop at velocity.jsp[line 7, column 1]
2016-11-13 23:13:52,520 - ResourceManager : found velocity.jsp with loader org.apache.velocity.runtime.resource.loader.FileResourceLoader
2016-11-13 23:13:52,520 - Could not determine type of iterator in #foreach loop at velocity.jsp[line 7, column 1]
2016-11-13 23:13:52,521 - ResourceManager : found velocity.jsp with loader org.apache.velocity.runtime.resource.loader.FileResourceLoader
2016-11-13 23:13:52,521 - Could not determine type of iterator in #foreach loop at velocity.jsp[line 7, column 1]
2016-11-13 23:15:17,311 - Log4JLogChute initialized using file 'velocity.log'
2016-11-13 23:15:17,311 - Initializing Velocity, Calling init()...
2016-11-13 23:15:17,311 - Starting Apache Velocity v1.7 (compiled: 2010-11-19 12:14:37)
2016-11-13 23:15:17,311 - Default Properties File: org\apache\velocity\runtime\defaults\velocity.properties
2016-11-13 23:15:17,311 - Trying to use logger class org.apache.velocity.runtime.log.AvalonLogChute
2016-11-13 23:15:17,311 - Target log system for org.apache.velocity.runtime.log.AvalonLogChute is not available (java.lang.NoClassDefFoundError: org/apache/log/format/Formatter).  Falling back to next log system...
2016-11-13 23:15:17,311 - Trying to use logger class org.apache.velocity.runtime.log.Log4JLogChute
2016-11-13 23:15:17,311 - Using logger class org.apache.velocity.runtime.log.Log4JLogChute
2016-11-13 23:15:17,316 - ResourceLoader instantiated: org.apache.velocity.runtime.resource.loader.FileResourceLoader
2016-11-13 23:15:17,317 - Do unicode file recognition:  false
2016-11-13 23:15:17,317 - FileResourceLoader : adding path '.'
2016-11-13 23:15:17,327 - ResourceCache: initialized (class org.apache.velocity.runtime.resource.ResourceCacheImpl) with class java.util.Collections$SynchronizedMap cache map.
2016-11-13 23:15:17,329 - Loaded System Directive: org.apache.velocity.runtime.directive.Stop
2016-11-13 23:15:17,330 - Loaded System Directive: org.apache.velocity.runtime.directive.Define
2016-11-13 23:15:17,331 - Loaded System Directive: org.apache.velocity.runtime.directive.Break
2016-11-13 23:15:17,331 - Loaded System Directive: org.apache.velocity.runtime.directive.Evaluate
2016-11-13 23:15:17,332 - Loaded System Directive: org.apache.velocity.runtime.directive.Literal
2016-11-13 23:15:17,333 - Loaded System Directive: org.apache.velocity.runtime.directive.Macro
2016-11-13 23:15:17,334 - Loaded System Directive: org.apache.velocity.runtime.directive.Parse
2016-11-13 23:15:17,335 - Loaded System Directive: org.apache.velocity.runtime.directive.Include
2016-11-13 23:15:17,336 - Loaded System Directive: org.apache.velocity.runtime.directive.Foreach
2016-11-13 23:15:17,366 - Created '20' parsers.
2016-11-13 23:15:17,372 - Velocimacro : "velocimacro.library" is not set.  Trying default library: VM_global_library.vm
2016-11-13 23:15:17,373 - Velocimacro : Default library not found.
2016-11-13 23:15:17,373 - Velocimacro : allowInline = true : VMs can be defined inline in templates
2016-11-13 23:15:17,373 - Velocimacro : allowInlineToOverride = false : VMs defined inline may NOT replace previous VM definitions
2016-11-13 23:15:17,373 - Velocimacro : allowInlineLocal = false : VMs defined inline will be global in scope if allowed.
2016-11-13 23:15:17,373 - Velocimacro : autoload off : VM system will not automatically reload global library macros
2016-11-13 23:15:17,382 - ResourceManager : found velocity.jsp with loader org.apache.velocity.runtime.resource.loader.FileResourceLoader
2016-11-13 23:15:17,383 - Could not determine type of iterator in #foreach loop at velocity.jsp[line 7, column 1]
2016-11-13 23:15:17,384 - ResourceManager : found velocity.jsp with loader org.apache.velocity.runtime.resource.loader.FileResourceLoader
2016-11-13 23:15:17,384 - Could not determine type of iterator in #foreach loop at velocity.jsp[line 7, column 1]
2016-11-13 23:15:17,385 - ResourceManager : found velocity.jsp with loader org.apache.velocity.runtime.resource.loader.FileResourceLoader
2016-11-13 23:15:17,385 - Could not determine type of iterator in #foreach loop at velocity.jsp[line 7, column 1]
2016-11-13 23:15:17,385 - ResourceManager : found velocity.jsp with loader org.apache.velocity.runtime.resource.loader.FileResourceLoader
2016-11-13 23:15:17,386 - Could not determine type of iterator in #foreach loop at velocity.jsp[line 7, column 1]
2016-11-13 23:15:17,386 - ResourceManager : found velocity.jsp with loader org.apache.velocity.runtime.resource.loader.FileResourceLoader
2016-11-13 23:15:17,386 - Could not determine type of iterator in #foreach loop at velocity.jsp[line 7, column 1]
2016-11-13 23:15:17,387 - ResourceManager : found velocity.jsp with loader org.apache.velocity.runtime.resource.loader.FileResourceLoader
2016-11-13 23:15:17,387 - Could not determine type of iterator in #foreach loop at velocity.jsp[line 7, column 1]
2016-11-13 23:15:17,388 - ResourceManager : found velocity.jsp with loader org.apache.velocity.runtime.resource.loader.FileResourceLoader
2016-11-13 23:15:17,388 - Could not determine type of iterator in #foreach loop at velocity.jsp[line 7, column 1]
2016-11-13 23:15:17,388 - ResourceManager : found velocity.jsp with loader org.apache.velocity.runtime.resource.loader.FileResourceLoader
2016-11-13 23:15:17,389 - Could not determine type of iterator in #foreach loop at velocity.jsp[line 7, column 1]
2016-11-13 23:16:11,376 - Log4JLogChute initialized using file 'velocity.log'
2016-11-13 23:16:11,376 - Initializing Velocity, Calling init()...
2016-11-13 23:16:11,376 - Starting Apache Velocity v1.7 (compiled: 2010-11-19 12:14:37)
2016-11-13 23:16:11,376 - Default Properties File: org\apache\velocity\runtime\defaults\velocity.properties
2016-11-13 23:16:11,376 - Trying to use logger class org.apache.velocity.runtime.log.AvalonLogChute
2016-11-13 23:16:11,376 - Target log system for org.apache.velocity.runtime.log.AvalonLogChute is not available (java.lang.NoClassDefFoundError: org/apache/log/format/Formatter).  Falling back to next log system...
2016-11-13 23:16:11,376 - Trying to use logger class org.apache.velocity.runtime.log.Log4JLogChute
2016-11-13 23:16:11,376 - Using logger class org.apache.velocity.runtime.log.Log4JLogChute
2016-11-13 23:16:11,381 - ResourceLoader instantiated: org.apache.velocity.runtime.resource.loader.FileResourceLoader
2016-11-13 23:16:11,383 - Do unicode file recognition:  false
2016-11-13 23:16:11,383 - FileResourceLoader : adding path '.'
2016-11-13 23:16:11,393 - ResourceCache: initialized (class org.apache.velocity.runtime.resource.ResourceCacheImpl) with class java.util.Collections$SynchronizedMap cache map.
2016-11-13 23:16:11,395 - Loaded System Directive: org.apache.velocity.runtime.directive.Stop
2016-11-13 23:16:11,395 - Loaded System Directive: org.apache.velocity.runtime.directive.Define
2016-11-13 23:16:11,396 - Loaded System Directive: org.apache.velocity.runtime.directive.Break
2016-11-13 23:16:11,397 - Loaded System Directive: org.apache.velocity.runtime.directive.Evaluate
2016-11-13 23:16:11,397 - Loaded System Directive: org.apache.velocity.runtime.directive.Literal
2016-11-13 23:16:11,398 - Loaded System Directive: org.apache.velocity.runtime.directive.Macro
2016-11-13 23:16:11,399 - Loaded System Directive: org.apache.velocity.runtime.directive.Parse
2016-11-13 23:16:11,400 - Loaded System Directive: org.apache.velocity.runtime.directive.Include
2016-11-13 23:16:11,401 - Loaded System Directive: org.apache.velocity.runtime.directive.Foreach
2016-11-13 23:16:11,425 - Created '20' parsers.
2016-11-13 23:16:11,429 - Velocimacro : "velocimacro.library" is not set.  Trying default library: VM_global_library.vm
2016-11-13 23:16:11,430 - Velocimacro : Default library not found.
2016-11-13 23:16:11,430 - Velocimacro : allowInline = true : VMs can be defined inline in templates
2016-11-13 23:16:11,430 - Velocimacro : allowInlineToOverride = false : VMs defined inline may NOT replace previous VM definitions
2016-11-13 23:16:11,430 - Velocimacro : allowInlineLocal = false : VMs defined inline will be global in scope if allowed.
2016-11-13 23:16:11,430 - Velocimacro : autoload off : VM system will not automatically reload global library macros
2016-11-13 23:16:11,441 - ResourceManager : found velocity.jsp with loader org.apache.velocity.runtime.resource.loader.FileResourceLoader
2016-11-13 23:16:11,453 - ResourceManager : found velocity.jsp with loader org.apache.velocity.runtime.resource.loader.FileResourceLoader
2016-11-13 23:16:11,454 - ResourceManager : found velocity.jsp with loader org.apache.velocity.runtime.resource.loader.FileResourceLoader
2016-11-13 23:16:11,454 - ResourceManager : found velocity.jsp with loader org.apache.velocity.runtime.resource.loader.FileResourceLoader
2016-11-13 23:16:11,455 - ResourceManager : found velocity.jsp with loader org.apache.velocity.runtime.resource.loader.FileResourceLoader
2016-11-13 23:16:11,456 - ResourceManager : found velocity.jsp with loader org.apache.velocity.runtime.resource.loader.FileResourceLoader
2016-11-13 23:16:11,457 - ResourceManager : found velocity.jsp with loader org.apache.velocity.runtime.resource.loader.FileResourceLoader
2016-11-13 23:16:11,458 - ResourceManager : found velocity.jsp with loader org.apache.velocity.runtime.resource.loader.FileResourceLoader
2016-11-13 23:17:52,095 - Log4JLogChute initialized using file 'velocity.log'
2016-11-13 23:17:52,095 - Initializing Velocity, Calling init()...
2016-11-13 23:17:52,095 - Starting Apache Velocity v1.7 (compiled: 2010-11-19 12:14:37)
2016-11-13 23:17:52,095 - Default Properties File: org\apache\velocity\runtime\defaults\velocity.properties
2016-11-13 23:17:52,095 - Trying to use logger class org.apache.velocity.runtime.log.AvalonLogChute
2016-11-13 23:17:52,095 - Target log system for org.apache.velocity.runtime.log.AvalonLogChute is not available (java.lang.NoClassDefFoundError: org/apache/log/format/Formatter).  Falling back to next log system...
2016-11-13 23:17:52,095 - Trying to use logger class org.apache.velocity.runtime.log.Log4JLogChute
2016-11-13 23:17:52,095 - Using logger class org.apache.velocity.runtime.log.Log4JLogChute
2016-11-13 23:17:52,099 - ResourceLoader instantiated: org.apache.velocity.runtime.resource.loader.FileResourceLoader
2016-11-13 23:17:52,100 - Do unicode file recognition:  false
2016-11-13 23:17:52,100 - FileResourceLoader : adding path '.'
2016-11-13 23:17:52,111 - ResourceCache: initialized (class org.apache.velocity.runtime.resource.ResourceCacheImpl) with class java.util.Collections$SynchronizedMap cache map.
2016-11-13 23:17:52,113 - Loaded System Directive: org.apache.velocity.runtime.directive.Stop
2016-11-13 23:17:52,114 - Loaded System Directive: org.apache.velocity.runtime.directive.Define
2016-11-13 23:17:52,114 - Loaded System Directive: org.apache.velocity.runtime.directive.Break
2016-11-13 23:17:52,115 - Loaded System Directive: org.apache.velocity.runtime.directive.Evaluate
2016-11-13 23:17:52,115 - Loaded System Directive: org.apache.velocity.runtime.directive.Literal
2016-11-13 23:17:52,116 - Loaded System Directive: org.apache.velocity.runtime.directive.Macro
2016-11-13 23:17:52,117 - Loaded System Directive: org.apache.velocity.runtime.directive.Parse
2016-11-13 23:17:52,117 - Loaded System Directive: org.apache.velocity.runtime.directive.Include
2016-11-13 23:17:52,118 - Loaded System Directive: org.apache.velocity.runtime.directive.Foreach
2016-11-13 23:17:52,142 - Created '20' parsers.
2016-11-13 23:17:52,147 - Velocimacro : "velocimacro.library" is not set.  Trying default library: VM_global_library.vm
2016-11-13 23:17:52,147 - Velocimacro : Default library not found.
2016-11-13 23:17:52,147 - Velocimacro : allowInline = true : VMs can be defined inline in templates
2016-11-13 23:17:52,147 - Velocimacro : allowInlineToOverride = false : VMs defined inline may NOT replace previous VM definitions
2016-11-13 23:17:52,147 - Velocimacro : allowInlineLocal = false : VMs defined inline will be global in scope if allowed.
2016-11-13 23:17:52,147 - Velocimacro : autoload off : VM system will not automatically reload global library macros
2016-11-13 23:17:52,158 - ResourceManager : found velocity.jsp with loader org.apache.velocity.runtime.resource.loader.FileResourceLoader
2016-11-13 23:17:52,167 - ResourceManager : found velocity.jsp with loader org.apache.velocity.runtime.resource.loader.FileResourceLoader
2016-11-13 23:17:52,168 - ResourceManager : found velocity.jsp with loader org.apache.velocity.runtime.resource.loader.FileResourceLoader
2016-11-13 23:17:52,169 - ResourceManager : found velocity.jsp with loader org.apache.velocity.runtime.resource.loader.FileResourceLoader
2016-11-13 23:17:52,170 - ResourceManager : found velocity.jsp with loader org.apache.velocity.runtime.resource.loader.FileResourceLoader
2016-11-13 23:17:52,172 - ResourceManager : found velocity.jsp with loader org.apache.velocity.runtime.resource.loader.FileResourceLoader
2016-11-13 23:17:52,173 - ResourceManager : found velocity.jsp with loader org.apache.velocity.runtime.resource.loader.FileResourceLoader
2016-11-13 23:17:52,174 - ResourceManager : found velocity.jsp with loader org.apache.velocity.runtime.resource.loader.FileResourceLoader
2016-11-13 23:18:26,006 - Log4JLogChute initialized using file 'velocity.log'
2016-11-13 23:18:26,006 - Initializing Velocity, Calling init()...
2016-11-13 23:18:26,006 - Starting Apache Velocity v1.7 (compiled: 2010-11-19 12:14:37)
2016-11-13 23:18:26,006 - Default Properties File: org\apache\velocity\runtime\defaults\velocity.properties
2016-11-13 23:18:26,006 - Trying to use logger class org.apache.velocity.runtime.log.AvalonLogChute
2016-11-13 23:18:26,006 - Target log system for org.apache.velocity.runtime.log.AvalonLogChute is not available (java.lang.NoClassDefFoundError: org/apache/log/format/Formatter).  Falling back to next log system...
2016-11-13 23:18:26,006 - Trying to use logger class org.apache.velocity.runtime.log.Log4JLogChute
2016-11-13 23:18:26,006 - Using logger class org.apache.velocity.runtime.log.Log4JLogChute
2016-11-13 23:18:26,011 - ResourceLoader instantiated: org.apache.velocity.runtime.resource.loader.FileResourceLoader
2016-11-13 23:18:26,012 - Do unicode file recognition:  false
2016-11-13 23:18:26,013 - FileResourceLoader : adding path '.'
2016-11-13 23:18:26,024 - ResourceCache: initialized (class org.apache.velocity.runtime.resource.ResourceCacheImpl) with class java.util.Collections$SynchronizedMap cache map.
2016-11-13 23:18:26,026 - Loaded System Directive: org.apache.velocity.runtime.directive.Stop
2016-11-13 23:18:26,027 - Loaded System Directive: org.apache.velocity.runtime.directive.Define
2016-11-13 23:18:26,027 - Loaded System Directive: org.apache.velocity.runtime.directive.Break
2016-11-13 23:18:26,028 - Loaded System Directive: org.apache.velocity.runtime.directive.Evaluate
2016-11-13 23:18:26,029 - Loaded System Directive: org.apache.velocity.runtime.directive.Literal
2016-11-13 23:18:26,030 - Loaded System Directive: org.apache.velocity.runtime.directive.Macro
2016-11-13 23:18:26,031 - Loaded System Directive: org.apache.velocity.runtime.directive.Parse
2016-11-13 23:18:26,032 - Loaded System Directive: org.apache.velocity.runtime.directive.Include
2016-11-13 23:18:26,033 - Loaded System Directive: org.apache.velocity.runtime.directive.Foreach
2016-11-13 23:18:26,057 - Created '20' parsers.
2016-11-13 23:18:26,061 - Velocimacro : "velocimacro.library" is not set.  Trying default library: VM_global_library.vm
2016-11-13 23:18:26,062 - Velocimacro : Default library not found.
2016-11-13 23:18:26,062 - Velocimacro : allowInline = true : VMs can be defined inline in templates
2016-11-13 23:18:26,062 - Velocimacro : allowInlineToOverride = false : VMs defined inline may NOT replace previous VM definitions
2016-11-13 23:18:26,062 - Velocimacro : allowInlineLocal = false : VMs defined inline will be global in scope if allowed.
2016-11-13 23:18:26,062 - Velocimacro : autoload off : VM system will not automatically reload global library macros
2016-11-13 23:18:26,072 - ResourceManager : found velocity.jsp with loader org.apache.velocity.runtime.resource.loader.FileResourceLoader
2016-11-13 23:18:26,081 - ResourceManager : found velocity.jsp with loader org.apache.velocity.runtime.resource.loader.FileResourceLoader
2016-11-13 23:18:26,082 - ResourceManager : found velocity.jsp with loader org.apache.velocity.runtime.resource.loader.FileResourceLoader
2016-11-13 23:18:26,083 - ResourceManager : found velocity.jsp with loader org.apache.velocity.runtime.resource.loader.FileResourceLoader
2016-11-13 23:18:26,084 - ResourceManager : found velocity.jsp with loader org.apache.velocity.runtime.resource.loader.FileResourceLoader
2016-11-13 23:18:26,085 - ResourceManager : found velocity.jsp with loader org.apache.velocity.runtime.resource.loader.FileResourceLoader
2016-11-13 23:18:26,086 - ResourceManager : found velocity.jsp with loader org.apache.velocity.runtime.resource.loader.FileResourceLoader
2016-11-13 23:18:26,087 - ResourceManager : found velocity.jsp with loader org.apache.velocity.runtime.resource.loader.FileResourceLoader
2016-11-13 23:20:59,704 - Log4JLogChute initialized using file 'velocity.log'
2016-11-13 23:20:59,705 - Initializing Velocity, Calling init()...
2016-11-13 23:20:59,705 - Starting Apache Velocity v1.7 (compiled: 2010-11-19 12:14:37)
2016-11-13 23:20:59,705 - Default Properties File: org\apache\velocity\runtime\defaults\velocity.properties
2016-11-13 23:20:59,705 - Trying to use logger class org.apache.velocity.runtime.log.AvalonLogChute
2016-11-13 23:20:59,705 - Target log system for org.apache.velocity.runtime.log.AvalonLogChute is not available (java.lang.NoClassDefFoundError: org/apache/log/format/Formatter).  Falling back to next log system...
2016-11-13 23:20:59,705 - Trying to use logger class org.apache.velocity.runtime.log.Log4JLogChute
2016-11-13 23:20:59,705 - Using logger class org.apache.velocity.runtime.log.Log4JLogChute
2016-11-13 23:20:59,709 - ResourceLoader instantiated: org.apache.velocity.runtime.resource.loader.FileResourceLoader
2016-11-13 23:20:59,709 - Do unicode file recognition:  false
2016-11-13 23:20:59,710 - FileResourceLoader : adding path '.'
2016-11-13 23:20:59,722 - ResourceCache: initialized (class org.apache.velocity.runtime.resource.ResourceCacheImpl) with class java.util.Collections$SynchronizedMap cache map.
2016-11-13 23:20:59,723 - Loaded System Directive: org.apache.velocity.runtime.directive.Stop
2016-11-13 23:20:59,724 - Loaded System Directive: org.apache.velocity.runtime.directive.Define
2016-11-13 23:20:59,724 - Loaded System Directive: org.apache.velocity.runtime.directive.Break
2016-11-13 23:20:59,725 - Loaded System Directive: org.apache.velocity.runtime.directive.Evaluate
2016-11-13 23:20:59,725 - Loaded System Directive: org.apache.velocity.runtime.directive.Literal
2016-11-13 23:20:59,726 - Loaded System Directive: org.apache.velocity.runtime.directive.Macro
2016-11-13 23:20:59,727 - Loaded System Directive: org.apache.velocity.runtime.directive.Parse
2016-11-13 23:20:59,728 - Loaded System Directive: org.apache.velocity.runtime.directive.Include
2016-11-13 23:20:59,729 - Loaded System Directive: org.apache.velocity.runtime.directive.Foreach
2016-11-13 23:20:59,758 - Created '20' parsers.
2016-11-13 23:20:59,763 - Velocimacro : "velocimacro.library" is not set.  Trying default library: VM_global_library.vm
2016-11-13 23:20:59,763 - Velocimacro : Default library not found.
2016-11-13 23:20:59,763 - Velocimacro : allowInline = true : VMs can be defined inline in templates
2016-11-13 23:20:59,763 - Velocimacro : allowInlineToOverride = false : VMs defined inline may NOT replace previous VM definitions
2016-11-13 23:20:59,763 - Velocimacro : allowInlineLocal = false : VMs defined inline will be global in scope if allowed.
2016-11-13 23:20:59,763 - Velocimacro : autoload off : VM system will not automatically reload global library macros
2016-11-13 23:20:59,774 - ResourceManager : found velocity.jsp with loader org.apache.velocity.runtime.resource.loader.FileResourceLoader
2016-11-13 23:24:11,310 - Log4JLogChute initialized using file 'velocity.log'
2016-11-13 23:24:11,311 - Initializing Velocity, Calling init()...
2016-11-13 23:24:11,311 - Starting Apache Velocity v1.7 (compiled: 2010-11-19 12:14:37)
2016-11-13 23:24:11,311 - Default Properties File: org\apache\velocity\runtime\defaults\velocity.properties
2016-11-13 23:24:11,311 - Trying to use logger class org.apache.velocity.runtime.log.AvalonLogChute
2016-11-13 23:24:11,311 - Target log system for org.apache.velocity.runtime.log.AvalonLogChute is not available (java.lang.NoClassDefFoundError: org/apache/log/format/Formatter).  Falling back to next log system...
2016-11-13 23:24:11,311 - Trying to use logger class org.apache.velocity.runtime.log.Log4JLogChute
2016-11-13 23:24:11,311 - Using logger class org.apache.velocity.runtime.log.Log4JLogChute
2016-11-13 23:24:11,316 - ResourceLoader instantiated: org.apache.velocity.runtime.resource.loader.FileResourceLoader
2016-11-13 23:24:11,317 - Do unicode file recognition:  false
2016-11-13 23:24:11,317 - FileResourceLoader : adding path '.'
2016-11-13 23:24:11,327 - ResourceCache: initialized (class org.apache.velocity.runtime.resource.ResourceCacheImpl) with class java.util.Collections$SynchronizedMap cache map.
2016-11-13 23:24:11,329 - Loaded System Directive: org.apache.velocity.runtime.directive.Stop
2016-11-13 23:24:11,330 - Loaded System Directive: org.apache.velocity.runtime.directive.Define
2016-11-13 23:24:11,330 - Loaded System Directive: org.apache.velocity.runtime.directive.Break
2016-11-13 23:24:11,331 - Loaded System Directive: org.apache.velocity.runtime.directive.Evaluate
2016-11-13 23:24:11,331 - Loaded System Directive: org.apache.velocity.runtime.directive.Literal
2016-11-13 23:24:11,332 - Loaded System Directive: org.apache.velocity.runtime.directive.Macro
2016-11-13 23:24:11,333 - Loaded System Directive: org.apache.velocity.runtime.directive.Parse
2016-11-13 23:24:11,334 - Loaded System Directive: org.apache.velocity.runtime.directive.Include
2016-11-13 23:24:11,334 - Loaded System Directive: org.apache.velocity.runtime.directive.Foreach
2016-11-13 23:24:11,364 - Created '20' parsers.
2016-11-13 23:24:11,371 - Velocimacro : "velocimacro.library" is not set.  Trying default library: VM_global_library.vm
2016-11-13 23:24:11,371 - Velocimacro : Default library not found.
2016-11-13 23:24:11,371 - Velocimacro : allowInline = true : VMs can be defined inline in templates
2016-11-13 23:24:11,371 - Velocimacro : allowInlineToOverride = false : VMs defined inline may NOT replace previous VM definitions
2016-11-13 23:24:11,371 - Velocimacro : allowInlineLocal = false : VMs defined inline will be global in scope if allowed.
2016-11-13 23:24:11,371 - Velocimacro : autoload off : VM system will not automatically reload global library macros
2016-11-13 23:24:11,382 - ResourceManager : found velocity.jsp with loader org.apache.velocity.runtime.resource.loader.FileResourceLoader
